Bringing machine 'webserver' up with 'virtualbox' provider...
Bringing machine 'client' up with 'virtualbox' provider...
==> webserver: Clearing any previously set forwarded ports...
==> webserver: Clearing any previously set network interfaces...
==> webserver: Preparing network interfaces based on configuration...
    webserver: Adapter 1: nat
    webserver: Adapter 2: hostonly
==> webserver: Forwarding ports...
    webserver: 80 (guest) => 8080 (host) (adapter 1)
    webserver: 22 (guest) => 2222 (host) (adapter 1)
==> webserver: Running 'pre-boot' VM customizations...
==> webserver: Booting VM...
==> webserver: Waiting for machine to boot. This may take a few minutes...
    webserver: SSH address: 127.0.0.1:2222
    webserver: SSH username: vagrant
    webserver: SSH auth method: private key
    webserver: Warning: Connection reset. Retrying...
    webserver: Warning: Remote connection disconnect. Retrying...
==> webserver: Machine booted and ready!
[webserver] GuestAdditions 6.0.12 running --- OK.
==> webserver: Checking for guest additions in VM...
==> webserver: Setting hostname...
==> webserver: Configuring and enabling network interfaces...
==> webserver: Mounting shared folders...
    webserver: /vagrant => /media/asus/DATA/Opty1337/Técnico/RC/Lab02/weblab
    webserver: /home/vagrant/html => /media/asus/DATA/Opty1337/Técnico/RC/Lab02/weblab/html
==> webserver: Machine already provisioned. Run `vagrant provision` or use the `--provision`
==> webserver: flag to force provisioning. Provisioners marked to run always will still run.
==> client: Clearing any previously set forwarded ports...
==> client: Fixed port collision for 22 => 2222. Now on port 2200.
==> client: Clearing any previously set network interfaces...
==> client: Preparing network interfaces based on configuration...
    client: Adapter 1: nat
    client: Adapter 2: hostonly
==> client: Forwarding ports...
    client: 22 (guest) => 2200 (host) (adapter 1)
==> client: Running 'pre-boot' VM customizations...
==> client: Booting VM...
==> client: Waiting for machine to boot. This may take a few minutes...
    client: SSH address: 127.0.0.1:2200
    client: SSH username: vagrant
    client: SSH auth method: private key
    client: Warning: Connection reset. Retrying...
    client: Warning: Remote connection disconnect. Retrying...
==> client: Machine booted and ready!
[client] GuestAdditions 6.0.12 running --- OK.
==> client: Checking for guest additions in VM...
==> client: Setting hostname...
==> client: Configuring and enabling network interfaces...
==> client: Mounting shared folders...
    client: /vagrant => /media/asus/DATA/Opty1337/Técnico/RC/Lab02/weblab
    client: /home/vagrant/html => /media/asus/DATA/Opty1337/Técnico/RC/Lab02/weblab/html
==> client: Machine already provisioned. Run `vagrant provision` or use the `--provision`
==> client: flag to force provisioning. Provisioners marked to run always will still run.
